<?xml version="1.0" encoding="UTF-8"?>
<!-- Generated by org.testng.reporters.JUnitReportReporter -->
<testsuite hostname="DESKTOP-6U77UJE" failures="0" tests="1" name="demo.flipkartTest" time="0.000" errors="0" timestamp="2021-07-25T18:40:13 IST" skipped="1">
  <testcase classname="demo.flipkartTest" name="function" time="0.000">
    <skipped/>
  </testcase> <!-- function -->
  <system-out/>
</testsuite> <!-- demo.flipkartTest -->
