<?xml version="1.0" encoding="UTF-8"?>
<!-- Generated by org.testng.reporters.JUnitReportReporter -->
<testsuite hostname="DESKTOP-6U77UJE" failures="0" tests="2" name="automationTask.flipKartTest" time="57.695" errors="0" timestamp="2021-07-25T19:23:09 IST" skipped="0">
  <testcase classname="automationTask.flipKartTest" name="function" time="29.223"/>
  <system-out/>
  <testcase classname="automationTask.flipKartTest" name="function" time="28.472"/>
  <system-out/>
</testsuite> <!-- automationTask.flipKartTest -->
